[Exception]: возникла ошибка:
[Exception]: текст: {"error":{"error_code":100,"error_msg":"One of the parameters specified was missing or invalid: message is empty or invalid","request_params":[{"key":"method","value":"messages.send"},{"key":"oauth","value":"1"},{"key":"peer_id","value":"305438659"},{"key":"keyboard","value":"{\"one_time\":false,\"buttons\":[[{\"action\":{\"type\":\"text\",\"payload\":\"{\\\"command\\\":\\\"Check_1_Checked_KIS_1\\\"}\",\"label\":\"1\"},\"color\":\"negative\"},{\"action\":{\"type\":\"text\",\"payload\":\"{\\\"command\\\":\\\"Check_2_IB_1\\\"}\",\"label\":\"2\"},\"color\":\"positive\"}],[{\"action\":{\"type\":\"text\",\"payload\":\"{\\\"command\\\":\\\"Check_3_KIS_1\\\"}\",\"label\":\"3\"},\"color\":\"positive\"},{\"action\":{\"type\":\"text\",\"payload\":\"{\\\"command\\\":\\\"Check_4_KIS_1\\\"}\",\"label\":\"4\"},\"color\":\"positive\"}],[{\"action\":{\"type\":\"text\",\"payload\":\"{\\\"command\\\":\\\"Check_4_KIS_1\\\"}\",\"label\":\"\u041e\u0442\u043f\u0440\u0430\u0432\u0438\u0442\u044c\"},\"color\":\"primary\"}]],\"inline\":false}"},{"key":"v","value":"5.131"},{"key":"random_id","value":"-1788964570"}]}}
[Exception]: код ошибки: 100
[Exception]: файл: /home/std/vkbot/vkmaster/src/vk_api.php:230
[Exception]: путь ошибки: #0 /home/std/vkbot/vkmaster/src/vk_api.php(440): DigitalStar\vk_api\vk_api->request()
#1 /home/std/vkbot/QuestionsController.php(96): DigitalStar\vk_api\vk_api->sendButton()
#2 /home/std/vkbot/index.php(14): include_once('...')
#3 {main}
[Exception]: возникла ошибка:
[Exception]: текст: {"error":{"error_code":100,"error_msg":"One of the parameters specified was missing or invalid: message is empty or invalid","request_params":[{"key":"method","value":"messages.send"},{"key":"oauth","value":"1"},{"key":"peer_id","value":"305438659"},{"key":"keyboard","value":"{\"one_time\":false,\"buttons\":[[{\"action\":{\"type\":\"text\",\"payload\":\"{\\\"command\\\":\\\"Check_1_Checked_KIS_1\\\"}\",\"label\":\"1\"},\"color\":\"negative\"},{\"action\":{\"type\":\"text\",\"payload\":\"{\\\"command\\\":\\\"Check_2_IB_1\\\"}\",\"label\":\"2\"},\"color\":\"positive\"}],[{\"action\":{\"type\":\"text\",\"payload\":\"{\\\"command\\\":\\\"Check_3_KIS_1\\\"}\",\"label\":\"3\"},\"color\":\"positive\"},{\"action\":{\"type\":\"text\",\"payload\":\"{\\\"command\\\":\\\"Check_4_KIS_1\\\"}\",\"label\":\"4\"},\"color\":\"positive\"}],[{\"action\":{\"type\":\"text\",\"payload\":\"{\\\"command\\\":\\\"Check_4_KIS_1\\\"}\",\"label\":\"\u041e\u0442\u043f\u0440\u0430\u0432\u0438\u0442\u044c\"},\"color\":\"primary\"}]],\"inline\":false}"},{"key":"v","value":"5.131"},{"key":"random_id","value":"-51438759"}]}}
[Exception]: код ошибки: 100
[Exception]: файл: /home/std/vkbot/vkmaster/src/vk_api.php:230
[Exception]: путь ошибки: #0 /home/std/vkbot/vkmaster/src/vk_api.php(440): DigitalStar\vk_api\vk_api->request()
#1 /home/std/vkbot/QuestionsController.php(96): DigitalStar\vk_api\vk_api->sendButton()
#2 /home/std/vkbot/index.php(14): include_once('...')
#3 {main}
[Exception]: возникла ошибка:
[Exception]: текст: {"error":{"error_code":100,"error_msg":"One of the parameters specified was missing or invalid: message is empty or invalid","request_params":[{"key":"method","value":"messages.send"},{"key":"oauth","value":"1"},{"key":"peer_id","value":"305438659"},{"key":"keyboard","value":"{\"one_time\":false,\"buttons\":[[{\"action\":{\"type\":\"text\",\"payload\":\"{\\\"command\\\":\\\"Check_1_Checked_KIS_1\\\"}\",\"label\":\"1\"},\"color\":\"negative\"},{\"action\":{\"type\":\"text\",\"payload\":\"{\\\"command\\\":\\\"Check_2_IB_1\\\"}\",\"label\":\"2\"},\"color\":\"positive\"}],[{\"action\":{\"type\":\"text\",\"payload\":\"{\\\"command\\\":\\\"Check_3_KIS_1\\\"}\",\"label\":\"3\"},\"color\":\"positive\"},{\"action\":{\"type\":\"text\",\"payload\":\"{\\\"command\\\":\\\"Check_4_KIS_1\\\"}\",\"label\":\"4\"},\"color\":\"positive\"}],[{\"action\":{\"type\":\"text\",\"payload\":\"{\\\"command\\\":\\\"Check_4_KIS_1\\\"}\",\"label\":\"\u041e\u0442\u043f\u0440\u0430\u0432\u0438\u0442\u044c\"},\"color\":\"primary\"}]],\"inline\":false}"},{"key":"v","value":"5.131"},{"key":"random_id","value":"-48442706"}]}}
[Exception]: код ошибки: 100
[Exception]: файл: /home/std/vkbot/vkmaster/src/vk_api.php:230
[Exception]: путь ошибки: #0 /home/std/vkbot/vkmaster/src/vk_api.php(440): DigitalStar\vk_api\vk_api->request()
#1 /home/std/vkbot/QuestionsController.php(96): DigitalStar\vk_api\vk_api->sendButton()
#2 /home/std/vkbot/index.php(14): include_once('...')
#3 {main}
[Exception]: возникла ошибка:
[Exception]: текст: {"error":{"error_code":100,"error_msg":"One of the parameters specified was missing or invalid: message is empty or invalid","request_params":[{"key":"method","value":"messages.send"},{"key":"oauth","value":"1"},{"key":"peer_id","value":"305438659"},{"key":"keyboard","value":"{\"one_time\":false,\"buttons\":[[{\"action\":{\"type\":\"text\",\"payload\":\"{\\\"command\\\":\\\"Check_1_Checked_KIS_1\\\"}\",\"label\":\"1\"},\"color\":\"negative\"},{\"action\":{\"type\":\"text\",\"payload\":\"{\\\"command\\\":\\\"Check_2_IB_1\\\"}\",\"label\":\"2\"},\"color\":\"positive\"}],[{\"action\":{\"type\":\"text\",\"payload\":\"{\\\"command\\\":\\\"Check_3_KIS_1\\\"}\",\"label\":\"3\"},\"color\":\"positive\"},{\"action\":{\"type\":\"text\",\"payload\":\"{\\\"command\\\":\\\"Check_4_KIS_1\\\"}\",\"label\":\"4\"},\"color\":\"positive\"}],[{\"action\":{\"type\":\"text\",\"payload\":\"{\\\"command\\\":\\\"Check_4_KIS_1\\\"}\",\"label\":\"\u041e\u0442\u043f\u0440\u0430\u0432\u0438\u0442\u044c\"},\"color\":\"primary\"}]],\"inline\":false}"},{"key":"v","value":"5.131"},{"key":"random_id","value":"-1490765808"}]}}
[Exception]: код ошибки: 100
[Exception]: файл: /home/std/vkbot/vkmaster/src/vk_api.php:230
[Exception]: путь ошибки: #0 /home/std/vkbot/vkmaster/src/vk_api.php(440): DigitalStar\vk_api\vk_api->request()
#1 /home/std/vkbot/QuestionsController.php(96): DigitalStar\vk_api\vk_api->sendButton()
#2 /home/std/vkbot/index.php(14): include_once('...')
#3 {main}
[Exception]: возникла ошибка:
[Exception]: текст: {"error":{"error_code":100,"error_msg":"One of the parameters specified was missing or invalid: message is empty or invalid","request_params":[{"key":"method","value":"messages.send"},{"key":"oauth","value":"1"},{"key":"peer_id","value":"305438659"},{"key":"keyboard","value":"{\"one_time\":false,\"buttons\":[[{\"action\":{\"type\":\"text\",\"payload\":\"{\\\"command\\\":\\\"Check_1_Checked_KIS_1\\\"}\",\"label\":\"1\"},\"color\":\"negative\"},{\"action\":{\"type\":\"text\",\"payload\":\"{\\\"command\\\":\\\"Check_2_IB_1\\\"}\",\"label\":\"2\"},\"color\":\"positive\"}],[{\"action\":{\"type\":\"text\",\"payload\":\"{\\\"command\\\":\\\"Check_3_KIS_1\\\"}\",\"label\":\"3\"},\"color\":\"positive\"},{\"action\":{\"type\":\"text\",\"payload\":\"{\\\"command\\\":\\\"Check_4_KIS_1\\\"}\",\"label\":\"4\"},\"color\":\"positive\"}],[{\"action\":{\"type\":\"text\",\"payload\":\"{\\\"command\\\":\\\"Check_4_KIS_1\\\"}\",\"label\":\"\u041e\u0442\u043f\u0440\u0430\u0432\u0438\u0442\u044c\"},\"color\":\"primary\"}]],\"inline\":false}"},{"key":"v","value":"5.131"},{"key":"random_id","value":"91675932"}]}}
[Exception]: код ошибки: 100
[Exception]: файл: /home/std/vkbot/vkmaster/src/vk_api.php:230
[Exception]: путь ошибки: #0 /home/std/vkbot/vkmaster/src/vk_api.php(440): DigitalStar\vk_api\vk_api->request()
#1 /home/std/vkbot/QuestionsController.php(96): DigitalStar\vk_api\vk_api->sendButton()
#2 /home/std/vkbot/index.php(14): include_once('...')
#3 {main}
[Exception]: возникла ошибка:
[Exception]: текст: {"error":{"error_code":100,"error_msg":"One of the parameters specified was missing or invalid: message is empty or invalid","request_params":[{"key":"method","value":"messages.send"},{"key":"oauth","value":"1"},{"key":"peer_id","value":"305438659"},{"key":"keyboard","value":"{\"one_time\":false,\"buttons\":[[{\"action\":{\"type\":\"text\",\"payload\":\"{\\\"command\\\":\\\"Check_1_Checked_KIS_1\\\"}\",\"label\":\"1\"},\"color\":\"negative\"},{\"action\":{\"type\":\"text\",\"payload\":\"{\\\"command\\\":\\\"Check_2_IB_1\\\"}\",\"label\":\"2\"},\"color\":\"positive\"}],[{\"action\":{\"type\":\"text\",\"payload\":\"{\\\"command\\\":\\\"Check_3_KIS_1\\\"}\",\"label\":\"3\"},\"color\":\"positive\"},{\"action\":{\"type\":\"text\",\"payload\":\"{\\\"command\\\":\\\"Check_4_KIS_1\\\"}\",\"label\":\"4\"},\"color\":\"positive\"}],[{\"action\":{\"type\":\"text\",\"payload\":\"{\\\"command\\\":\\\"Check_4_KIS_1\\\"}\",\"label\":\"\u041e\u0442\u043f\u0440\u0430\u0432\u0438\u0442\u044c\"},\"color\":\"primary\"}]],\"inline\":false}"},{"key":"v","value":"5.131"},{"key":"random_id","value":"-484536217"}]}}
[Exception]: код ошибки: 100
[Exception]: файл: /home/std/vkbot/vkmaster/src/vk_api.php:230
[Exception]: путь ошибки: #0 /home/std/vkbot/vkmaster/src/vk_api.php(440): DigitalStar\vk_api\vk_api->request()
#1 /home/std/vkbot/QuestionsController.php(96): DigitalStar\vk_api\vk_api->sendButton()
#2 /home/std/vkbot/index.php(14): include_once('...')
#3 {main}
