[Exception]: возникла ошибка:
[Exception]: текст: {"error":{"error_code":100,"error_msg":"One of the parameters specified was missing or invalid: message is empty or invalid","request_params":[{"key":"method","value":"messages.send"},{"key":"oauth","value":"1"},{"key":"peer_id","value":"305438659"},{"key":"keyboard","value":"{\"one_time\":false,\"buttons\":[[{\"action\":{\"type\":\"text\",\"payload\":\"{\\\"command\\\":\\\"\\\"}\",\"label\":\"1\"},\"color\":\"negative\"},{\"action\":{\"type\":\"text\",\"payload\":\"{\\\"command\\\":\\\"Check_btn2_IB_1\\\"}\",\"label\":\"2\"},\"color\":\"positive\"}],[{\"action\":{\"type\":\"text\",\"payload\":\"{\\\"command\\\":\\\"Check_btn3_KIS_1\\\"}\",\"label\":\"3\"},\"color\":\"positive\"},{\"action\":{\"type\":\"text\",\"payload\":\"{\\\"command\\\":\\\"Check_btn4_KIS_1\\\"}\",\"label\":\"4\"},\"color\":\"positive\"}],[{\"action\":{\"type\":\"text\",\"payload\":\"{\\\"command\\\":\\\"CheckBoxSend\\\"}\",\"label\":\"\u041e\u0442\u043f\u0440\u0430\u0432\u0438\u0442\u044c\"},\"color\":\"primary\"}]],\"inline\":false}"},{"key":"v","value":"5.131"},{"key":"random_id","value":"1460569056"}]}}
[Exception]: код ошибки: 100
[Exception]: файл: /home/std/vkbot/vkmaster/src/vk_api.php:230
[Exception]: путь ошибки: #0 /home/std/vkbot/vkmaster/src/vk_api.php(440): DigitalStar\vk_api\vk_api->request()
#1 /home/std/vkbot/QuestionsController.php(104): DigitalStar\vk_api\vk_api->sendButton()
#2 /home/std/vkbot/index.php(14): include_once('...')
#3 {main}
[Exception]: возникла ошибка:
[Exception]: текст: {"error":{"error_code":100,"error_msg":"One of the parameters specified was missing or invalid: message is empty or invalid","request_params":[{"key":"method","value":"messages.send"},{"key":"oauth","value":"1"},{"key":"peer_id","value":"305438659"},{"key":"keyboard","value":"{\"one_time\":false,\"buttons\":[[{\"action\":{\"type\":\"text\",\"payload\":\"{\\\"command\\\":\\\"\\\"}\",\"label\":\"1\"},\"color\":\"negative\"},{\"action\":{\"type\":\"text\",\"payload\":\"{\\\"command\\\":\\\"Check_btn2_IB_1\\\"}\",\"label\":\"2\"},\"color\":\"positive\"}],[{\"action\":{\"type\":\"text\",\"payload\":\"{\\\"command\\\":\\\"Check_btn3_KIS_1\\\"}\",\"label\":\"3\"},\"color\":\"positive\"},{\"action\":{\"type\":\"text\",\"payload\":\"{\\\"command\\\":\\\"Check_btn4_KIS_1\\\"}\",\"label\":\"4\"},\"color\":\"positive\"}],[{\"action\":{\"type\":\"text\",\"payload\":\"{\\\"command\\\":\\\"CheckBoxSend\\\"}\",\"label\":\"\u041e\u0442\u043f\u0440\u0430\u0432\u0438\u0442\u044c\"},\"color\":\"primary\"}]],\"inline\":false}"},{"key":"v","value":"5.131"},{"key":"random_id","value":"-1393982397"}]}}
[Exception]: код ошибки: 100
[Exception]: файл: /home/std/vkbot/vkmaster/src/vk_api.php:230
[Exception]: путь ошибки: #0 /home/std/vkbot/vkmaster/src/vk_api.php(440): DigitalStar\vk_api\vk_api->request()
#1 /home/std/vkbot/QuestionsController.php(104): DigitalStar\vk_api\vk_api->sendButton()
#2 /home/std/vkbot/index.php(14): include_once('...')
#3 {main}
[Exception]: возникла ошибка:
[Exception]: текст: {"error":{"error_code":100,"error_msg":"One of the parameters specified was missing or invalid: message is empty or invalid","request_params":[{"key":"method","value":"messages.send"},{"key":"oauth","value":"1"},{"key":"peer_id","value":"305438659"},{"key":"keyboard","value":"{\"one_time\":false,\"buttons\":[[{\"action\":{\"type\":\"text\",\"payload\":\"{\\\"command\\\":\\\"\\\"}\",\"label\":\"1\"},\"color\":\"negative\"},{\"action\":{\"type\":\"text\",\"payload\":\"{\\\"command\\\":\\\"Check_btn2_IB_1\\\"}\",\"label\":\"2\"},\"color\":\"positive\"}],[{\"action\":{\"type\":\"text\",\"payload\":\"{\\\"command\\\":\\\"Check_btn3_KIS_1\\\"}\",\"label\":\"3\"},\"color\":\"positive\"},{\"action\":{\"type\":\"text\",\"payload\":\"{\\\"command\\\":\\\"Check_btn4_KIS_1\\\"}\",\"label\":\"4\"},\"color\":\"positive\"}],[{\"action\":{\"type\":\"text\",\"payload\":\"{\\\"command\\\":\\\"CheckBoxSend_\\\"}\",\"label\":\"\u041e\u0442\u043f\u0440\u0430\u0432\u0438\u0442\u044c\"},\"color\":\"primary\"}]],\"inline\":false}"},{"key":"v","value":"5.131"},{"key":"random_id","value":"-2134055749"}]}}
[Exception]: код ошибки: 100
[Exception]: файл: /home/std/vkbot/vkmaster/src/vk_api.php:230
[Exception]: путь ошибки: #0 /home/std/vkbot/vkmaster/src/vk_api.php(440): DigitalStar\vk_api\vk_api->request()
#1 /home/std/vkbot/QuestionsController.php(104): DigitalStar\vk_api\vk_api->sendButton()
#2 /home/std/vkbot/index.php(14): include_once('...')
#3 {main}
[Exception]: возникла ошибка:
[Exception]: текст: {"error":{"error_code":100,"error_msg":"One of the parameters specified was missing or invalid: message is empty or invalid","request_params":[{"key":"method","value":"messages.send"},{"key":"oauth","value":"1"},{"key":"peer_id","value":"305438659"},{"key":"keyboard","value":"{\"one_time\":false,\"buttons\":[[{\"action\":{\"type\":\"text\",\"payload\":\"{\\\"command\\\":\\\"\\\"}\",\"label\":\"1\"},\"color\":\"negative\"},{\"action\":{\"type\":\"text\",\"payload\":\"{\\\"command\\\":\\\"Check_btn2_IB_1\\\"}\",\"label\":\"2\"},\"color\":\"positive\"}],[{\"action\":{\"type\":\"text\",\"payload\":\"{\\\"command\\\":\\\"Check_btn3_KIS_1\\\"}\",\"label\":\"3\"},\"color\":\"positive\"},{\"action\":{\"type\":\"text\",\"payload\":\"{\\\"command\\\":\\\"Check_btn4_KIS_1\\\"}\",\"label\":\"4\"},\"color\":\"positive\"}],[{\"action\":{\"type\":\"text\",\"payload\":\"{\\\"command\\\":\\\"CheckBoxSend_\\\"}\",\"label\":\"\u041e\u0442\u043f\u0440\u0430\u0432\u0438\u0442\u044c\"},\"color\":\"primary\"}]],\"inline\":false}"},{"key":"v","value":"5.131"},{"key":"random_id","value":"-1422255917"}]}}
[Exception]: код ошибки: 100
[Exception]: файл: /home/std/vkbot/vkmaster/src/vk_api.php:230
[Exception]: путь ошибки: #0 /home/std/vkbot/vkmaster/src/vk_api.php(440): DigitalStar\vk_api\vk_api->request()
#1 /home/std/vkbot/QuestionsController.php(104): DigitalStar\vk_api\vk_api->sendButton()
#2 /home/std/vkbot/index.php(14): include_once('...')
#3 {main}
[Exception]: возникла ошибка:
[Exception]: текст: {"error":{"error_code":100,"error_msg":"One of the parameters specified was missing or invalid: message is empty or invalid","request_params":[{"key":"method","value":"messages.send"},{"key":"oauth","value":"1"},{"key":"peer_id","value":"305438659"},{"key":"keyboard","value":"{\"one_time\":false,\"buttons\":[[{\"action\":{\"type\":\"text\",\"payload\":\"{\\\"command\\\":\\\"\\\"}\",\"label\":\"1\"},\"color\":\"negative\"},{\"action\":{\"type\":\"text\",\"payload\":\"{\\\"command\\\":\\\"Check_btn2_IB_1\\\"}\",\"label\":\"2\"},\"color\":\"positive\"}],[{\"action\":{\"type\":\"text\",\"payload\":\"{\\\"command\\\":\\\"Check_btn3_KIS_1\\\"}\",\"label\":\"3\"},\"color\":\"positive\"},{\"action\":{\"type\":\"text\",\"payload\":\"{\\\"command\\\":\\\"Check_btn4_KIS_1\\\"}\",\"label\":\"4\"},\"color\":\"positive\"}],[{\"action\":{\"type\":\"text\",\"payload\":\"{\\\"command\\\":\\\"CheckBoxSend_\\\"}\",\"label\":\"\u041e\u0442\u043f\u0440\u0430\u0432\u0438\u0442\u044c\"},\"color\":\"primary\"}]],\"inline\":false}"},{"key":"v","value":"5.131"},{"key":"random_id","value":"2033132291"}]}}
[Exception]: код ошибки: 100
[Exception]: файл: /home/std/vkbot/vkmaster/src/vk_api.php:230
[Exception]: путь ошибки: #0 /home/std/vkbot/vkmaster/src/vk_api.php(440): DigitalStar\vk_api\vk_api->request()
#1 /home/std/vkbot/QuestionsController.php(104): DigitalStar\vk_api\vk_api->sendButton()
#2 /home/std/vkbot/index.php(14): include_once('...')
#3 {main}
[Exception]: возникла ошибка:
[Exception]: текст: {"error":{"error_code":100,"error_msg":"One of the parameters specified was missing or invalid: message is empty or invalid","request_params":[{"key":"method","value":"messages.send"},{"key":"oauth","value":"1"},{"key":"peer_id","value":"305438659"},{"key":"keyboard","value":"{\"one_time\":false,\"buttons\":[[{\"action\":{\"type\":\"text\",\"payload\":\"{\\\"command\\\":\\\"\\\"}\",\"label\":\"1\"},\"color\":\"negative\"},{\"action\":{\"type\":\"text\",\"payload\":\"{\\\"command\\\":\\\"Check_btn2_IB_1\\\"}\",\"label\":\"2\"},\"color\":\"positive\"}],[{\"action\":{\"type\":\"text\",\"payload\":\"{\\\"command\\\":\\\"Check_btn3_KIS_1\\\"}\",\"label\":\"3\"},\"color\":\"positive\"},{\"action\":{\"type\":\"text\",\"payload\":\"{\\\"command\\\":\\\"Check_btn4_KIS_1\\\"}\",\"label\":\"4\"},\"color\":\"positive\"}],[{\"action\":{\"type\":\"text\",\"payload\":\"{\\\"command\\\":\\\"CheckBoxSend_\\\"}\",\"label\":\"\u041e\u0442\u043f\u0440\u0430\u0432\u0438\u0442\u044c\"},\"color\":\"primary\"}]],\"inline\":false}"},{"key":"v","value":"5.131"},{"key":"random_id","value":"-21726499"}]}}
[Exception]: код ошибки: 100
[Exception]: файл: /home/std/vkbot/vkmaster/src/vk_api.php:230
[Exception]: путь ошибки: #0 /home/std/vkbot/vkmaster/src/vk_api.php(440): DigitalStar\vk_api\vk_api->request()
#1 /home/std/vkbot/QuestionsController.php(104): DigitalStar\vk_api\vk_api->sendButton()
#2 /home/std/vkbot/index.php(14): include_once('...')
#3 {main}
[Exception]: возникла ошибка:
[Exception]: текст: {"error":{"error_code":100,"error_msg":"One of the parameters specified was missing or invalid: message is empty or invalid","request_params":[{"key":"method","value":"messages.send"},{"key":"oauth","value":"1"},{"key":"peer_id","value":"305438659"},{"key":"keyboard","value":"{\"one_time\":false,\"buttons\":[[{\"action\":{\"type\":\"text\",\"payload\":\"{\\\"command\\\":\\\"Check_btn1_KIS_1\\\"}\",\"label\":\"1\"},\"color\":\"positive\"},{\"action\":{\"type\":\"text\",\"payload\":\"{\\\"command\\\":\\\"Check_btn2_IB_1\\\"}\",\"label\":\"2\"},\"color\":\"positive\"}],[{\"action\":{\"type\":\"text\",\"payload\":\"{\\\"command\\\":\\\"Check_btn3_KIS_1\\\"}\",\"label\":\"3\"},\"color\":\"positive\"},{\"action\":{\"type\":\"text\",\"payload\":\"{\\\"command\\\":\\\"Check_btn4_KIS_1\\\"}\",\"label\":\"4\"},\"color\":\"positive\"}],[{\"action\":{\"type\":\"text\",\"payload\":\"{\\\"command\\\":\\\"CheckBoxSend_\\\"}\",\"label\":\"\u041e\u0442\u043f\u0440\u0430\u0432\u0438\u0442\u044c\"},\"color\":\"primary\"}]],\"inline\":false}"},{"key":"v","value":"5.131"},{"key":"random_id","value":"-228643345"}]}}
[Exception]: код ошибки: 100
[Exception]: файл: /home/std/vkbot/vkmaster/src/vk_api.php:230
[Exception]: путь ошибки: #0 /home/std/vkbot/vkmaster/src/vk_api.php(440): DigitalStar\vk_api\vk_api->request()
#1 /home/std/vkbot/QuestionsController.php(107): DigitalStar\vk_api\vk_api->sendButton()
#2 /home/std/vkbot/index.php(14): include_once('...')
#3 {main}
[Exception]: возникла ошибка:
[Exception]: текст: {"error":{"error_code":100,"error_msg":"One of the parameters specified was missing or invalid: message is empty or invalid","request_params":[{"key":"method","value":"messages.send"},{"key":"oauth","value":"1"},{"key":"peer_id","value":"305438659"},{"key":"keyboard","value":"{\"one_time\":false,\"buttons\":[[{\"action\":{\"type\":\"text\",\"payload\":\"{\\\"command\\\":\\\"Check_btn1_KIS_1\\\"}\",\"label\":\"1\"},\"color\":\"positive\"},{\"action\":{\"type\":\"text\",\"payload\":\"{\\\"command\\\":\\\"Check_btn2_IB_1\\\"}\",\"label\":\"2\"},\"color\":\"positive\"}],[{\"action\":{\"type\":\"text\",\"payload\":\"{\\\"command\\\":\\\"Check_btn3_KIS_1\\\"}\",\"label\":\"3\"},\"color\":\"positive\"},{\"action\":{\"type\":\"text\",\"payload\":\"{\\\"command\\\":\\\"Check_btn4_KIS_1\\\"}\",\"label\":\"4\"},\"color\":\"positive\"}],[{\"action\":{\"type\":\"text\",\"payload\":\"{\\\"command\\\":\\\"CheckBoxSend_\\\"}\",\"label\":\"\u041e\u0442\u043f\u0440\u0430\u0432\u0438\u0442\u044c\"},\"color\":\"primary\"}]],\"inline\":false}"},{"key":"v","value":"5.131"},{"key":"random_id","value":"1328292416"}]}}
[Exception]: код ошибки: 100
[Exception]: файл: /home/std/vkbot/vkmaster/src/vk_api.php:230
[Exception]: путь ошибки: #0 /home/std/vkbot/vkmaster/src/vk_api.php(440): DigitalStar\vk_api\vk_api->request()
#1 /home/std/vkbot/QuestionsController.php(108): DigitalStar\vk_api\vk_api->sendButton()
#2 /home/std/vkbot/index.php(14): include_once('...')
#3 {main}
[Exception]: возникла ошибка:
[Exception]: текст: {"error":{"error_code":100,"error_msg":"One of the parameters specified was missing or invalid: message is empty or invalid","request_params":[{"key":"method","value":"messages.send"},{"key":"oauth","value":"1"},{"key":"peer_id","value":"305438659"},{"key":"keyboard","value":"{\"one_time\":false,\"buttons\":[[{\"action\":{\"type\":\"text\",\"payload\":\"{\\\"command\\\":\\\"Check_btn1_KIS_1\\\"}\",\"label\":\"1\"},\"color\":\"positive\"},{\"action\":{\"type\":\"text\",\"payload\":\"{\\\"command\\\":\\\"Check_btn2_IB_1\\\"}\",\"label\":\"2\"},\"color\":\"positive\"}],[{\"action\":{\"type\":\"text\",\"payload\":\"{\\\"command\\\":\\\"Check_btn3_KIS_1\\\"}\",\"label\":\"3\"},\"color\":\"positive\"},{\"action\":{\"type\":\"text\",\"payload\":\"{\\\"command\\\":\\\"Check_btn4_KIS_1\\\"}\",\"label\":\"4\"},\"color\":\"positive\"}],[{\"action\":{\"type\":\"text\",\"payload\":\"{\\\"command\\\":\\\"CheckBoxSend_\\\"}\",\"label\":\"\u041e\u0442\u043f\u0440\u0430\u0432\u0438\u0442\u044c\"},\"color\":\"primary\"}]],\"inline\":false}"},{"key":"v","value":"5.131"},{"key":"random_id","value":"-1749219442"}]}}
[Exception]: код ошибки: 100
[Exception]: файл: /home/std/vkbot/vkmaster/src/vk_api.php:230
[Exception]: путь ошибки: #0 /home/std/vkbot/vkmaster/src/vk_api.php(440): DigitalStar\vk_api\vk_api->request()
#1 /home/std/vkbot/QuestionsController.php(108): DigitalStar\vk_api\vk_api->sendButton()
#2 /home/std/vkbot/index.php(14): include_once('...')
#3 {main}
[Exception]: возникла ошибка:
[Exception]: текст: {"error":{"error_code":100,"error_msg":"One of the parameters specified was missing or invalid: message is empty or invalid","request_params":[{"key":"method","value":"messages.send"},{"key":"oauth","value":"1"},{"key":"peer_id","value":"305438659"},{"key":"keyboard","value":"{\"one_time\":false,\"buttons\":[[{\"action\":{\"type\":\"text\",\"payload\":\"{\\\"command\\\":\\\"Check_btn1_KIS_1\\\"}\",\"label\":\"1\"},\"color\":\"positive\"},{\"action\":{\"type\":\"text\",\"payload\":\"{\\\"command\\\":\\\"Check_btn2_IB_1\\\"}\",\"label\":\"2\"},\"color\":\"positive\"}],[{\"action\":{\"type\":\"text\",\"payload\":\"{\\\"command\\\":\\\"Check_btn3_KIS_1\\\"}\",\"label\":\"3\"},\"color\":\"positive\"},{\"action\":{\"type\":\"text\",\"payload\":\"{\\\"command\\\":\\\"Check_btn4_KIS_1\\\"}\",\"label\":\"4\"},\"color\":\"positive\"}],[{\"action\":{\"type\":\"text\",\"payload\":\"{\\\"command\\\":\\\"CheckBoxSend_\\\"}\",\"label\":\"\u041e\u0442\u043f\u0440\u0430\u0432\u0438\u0442\u044c\"},\"color\":\"primary\"}]],\"inline\":false}"},{"key":"v","value":"5.131"},{"key":"random_id","value":"-213628027"}]}}
[Exception]: код ошибки: 100
[Exception]: файл: /home/std/vkbot/vkmaster/src/vk_api.php:230
[Exception]: путь ошибки: #0 /home/std/vkbot/vkmaster/src/vk_api.php(440): DigitalStar\vk_api\vk_api->request()
#1 /home/std/vkbot/QuestionsController.php(108): DigitalStar\vk_api\vk_api->sendButton()
#2 /home/std/vkbot/index.php(14): include_once('...')
#3 {main}
[Exception]: возникла ошибка:
[Exception]: текст: {"error":{"error_code":100,"error_msg":"One of the parameters specified was missing or invalid: message is empty or invalid","request_params":[{"key":"method","value":"messages.send"},{"key":"oauth","value":"1"},{"key":"peer_id","value":"305438659"},{"key":"keyboard","value":"{\"one_time\":false,\"buttons\":[[{\"action\":{\"type\":\"text\",\"payload\":\"{\\\"command\\\":\\\"Check_btn1_KIS_1\\\"}\",\"label\":\"1\"},\"color\":\"positive\"},{\"action\":{\"type\":\"text\",\"payload\":\"{\\\"command\\\":\\\"Check_btn2_IB_1\\\"}\",\"label\":\"2\"},\"color\":\"positive\"}],[{\"action\":{\"type\":\"text\",\"payload\":\"{\\\"command\\\":\\\"Check_btn3_KIS_1\\\"}\",\"label\":\"3\"},\"color\":\"positive\"},{\"action\":{\"type\":\"text\",\"payload\":\"{\\\"command\\\":\\\"Check_btn4_KIS_1\\\"}\",\"label\":\"4\"},\"color\":\"positive\"}],[{\"action\":{\"type\":\"text\",\"payload\":\"{\\\"command\\\":\\\"CheckBoxSend_\\\"}\",\"label\":\"\u041e\u0442\u043f\u0440\u0430\u0432\u0438\u0442\u044c\"},\"color\":\"primary\"}]],\"inline\":false}"},{"key":"v","value":"5.131"},{"key":"random_id","value":"-1032426274"}]}}
[Exception]: код ошибки: 100
[Exception]: файл: /home/std/vkbot/vkmaster/src/vk_api.php:230
[Exception]: путь ошибки: #0 /home/std/vkbot/vkmaster/src/vk_api.php(440): DigitalStar\vk_api\vk_api->request()
#1 /home/std/vkbot/QuestionsController.php(108): DigitalStar\vk_api\vk_api->sendButton()
#2 /home/std/vkbot/index.php(14): include_once('...')
#3 {main}
[Exception]: возникла ошибка:
[Exception]: текст: {"error":{"error_code":100,"error_msg":"One of the parameters specified was missing or invalid: message is empty or invalid","request_params":[{"key":"method","value":"messages.send"},{"key":"oauth","value":"1"},{"key":"peer_id","value":"305438659"},{"key":"keyboard","value":"{\"one_time\":false,\"buttons\":[[{\"action\":{\"type\":\"text\",\"payload\":\"{\\\"command\\\":\\\"Check_btn1_KIS_1\\\"}\",\"label\":\"1\"},\"color\":\"positive\"},{\"action\":{\"type\":\"text\",\"payload\":\"{\\\"command\\\":\\\"Check_btn2_IB_1\\\"}\",\"label\":\"2\"},\"color\":\"positive\"}],[{\"action\":{\"type\":\"text\",\"payload\":\"{\\\"command\\\":\\\"Check_btn3_KIS_1\\\"}\",\"label\":\"3\"},\"color\":\"positive\"},{\"action\":{\"type\":\"text\",\"payload\":\"{\\\"command\\\":\\\"Check_btn4_KIS_1\\\"}\",\"label\":\"4\"},\"color\":\"positive\"}],[{\"action\":{\"type\":\"text\",\"payload\":\"{\\\"command\\\":\\\"CheckBoxSend_\\\"}\",\"label\":\"\u041e\u0442\u043f\u0440\u0430\u0432\u0438\u0442\u044c\"},\"color\":\"primary\"}]],\"inline\":false}"},{"key":"v","value":"5.131"},{"key":"random_id","value":"-1699523744"}]}}
[Exception]: код ошибки: 100
[Exception]: файл: /home/std/vkbot/vkmaster/src/vk_api.php:230
[Exception]: путь ошибки: #0 /home/std/vkbot/vkmaster/src/vk_api.php(440): DigitalStar\vk_api\vk_api->request()
#1 /home/std/vkbot/QuestionsController.php(107): DigitalStar\vk_api\vk_api->sendButton()
#2 /home/std/vkbot/index.php(14): include_once('...')
#3 {main}
[Exception]: возникла ошибка:
[Exception]: текст: {"error":{"error_code":100,"error_msg":"One of the parameters specified was missing or invalid: message is empty or invalid","request_params":[{"key":"method","value":"messages.send"},{"key":"oauth","value":"1"},{"key":"peer_id","value":"305438659"},{"key":"keyboard","value":"{\"one_time\":false,\"buttons\":[[{\"action\":{\"type\":\"text\",\"payload\":\"{\\\"command\\\":\\\"Check_btn1_KIS_1\\\"}\",\"label\":\"1\"},\"color\":\"positive\"},{\"action\":{\"type\":\"text\",\"payload\":\"{\\\"command\\\":\\\"Check_btn2_IB_1\\\"}\",\"label\":\"2\"},\"color\":\"positive\"}],[{\"action\":{\"type\":\"text\",\"payload\":\"{\\\"command\\\":\\\"Check_btn3_KIS_1\\\"}\",\"label\":\"3\"},\"color\":\"positive\"},{\"action\":{\"type\":\"text\",\"payload\":\"{\\\"command\\\":\\\"Check_btn4_KIS_1\\\"}\",\"label\":\"4\"},\"color\":\"positive\"}],[{\"action\":{\"type\":\"text\",\"payload\":\"{\\\"command\\\":\\\"CheckBoxSend_\\\"}\",\"label\":\"\u041e\u0442\u043f\u0440\u0430\u0432\u0438\u0442\u044c\"},\"color\":\"primary\"}]],\"inline\":false}"},{"key":"v","value":"5.131"},{"key":"random_id","value":"506062595"}]}}
[Exception]: код ошибки: 100
[Exception]: файл: /home/std/vkbot/vkmaster/src/vk_api.php:230
[Exception]: путь ошибки: #0 /home/std/vkbot/vkmaster/src/vk_api.php(440): DigitalStar\vk_api\vk_api->request()
#1 /home/std/vkbot/QuestionsController.php(107): DigitalStar\vk_api\vk_api->sendButton()
#2 /home/std/vkbot/index.php(14): include_once('...')
#3 {main}
[Exception]: возникла ошибка:
[Exception]: текст: {"error":{"error_code":100,"error_msg":"One of the parameters specified was missing or invalid: message is empty or invalid","request_params":[{"key":"method","value":"messages.send"},{"key":"oauth","value":"1"},{"key":"peer_id","value":"305438659"},{"key":"keyboard","value":"{\"one_time\":false,\"buttons\":[[{\"action\":{\"type\":\"text\",\"payload\":\"{\\\"command\\\":\\\"Check_btn1_KIS_1\\\"}\",\"label\":\"1\"},\"color\":\"positive\"},{\"action\":{\"type\":\"text\",\"payload\":\"{\\\"command\\\":\\\"Check_btn2_IB_1\\\"}\",\"label\":\"2\"},\"color\":\"positive\"}],[{\"action\":{\"type\":\"text\",\"payload\":\"{\\\"command\\\":\\\"Check_btn3_KIS_1\\\"}\",\"label\":\"3\"},\"color\":\"positive\"},{\"action\":{\"type\":\"text\",\"payload\":\"{\\\"command\\\":\\\"Check_btn4_KIS_1\\\"}\",\"label\":\"4\"},\"color\":\"positive\"}],[{\"action\":{\"type\":\"text\",\"payload\":\"{\\\"command\\\":\\\"CheckBoxSend_\\\"}\",\"label\":\"\u041e\u0442\u043f\u0440\u0430\u0432\u0438\u0442\u044c\"},\"color\":\"primary\"}]],\"inline\":false}"},{"key":"v","value":"5.131"},{"key":"random_id","value":"-1827000473"}]}}
[Exception]: код ошибки: 100
[Exception]: файл: /home/std/vkbot/vkmaster/src/vk_api.php:230
[Exception]: путь ошибки: #0 /home/std/vkbot/vkmaster/src/vk_api.php(440): DigitalStar\vk_api\vk_api->request()
#1 /home/std/vkbot/QuestionsController.php(107): DigitalStar\vk_api\vk_api->sendButton()
#2 /home/std/vkbot/index.php(14): include_once('...')
#3 {main}
